2025-01-07 20:31:22,180 - utils.logger - INFO - PhotoService –∏–Ω–∏—Ü–∏–∞–ª–∏–∑–∏—Ä–æ–≤–∞–Ω.
2025-01-07 20:31:22,189 - utils.logger - INFO - –ò—Ç–æ–≥–æ–≤—ã–π –≤–≤–æ–¥ –¥–ª—è LLM: asdsad
2025-01-07 20:31:27,928 - utils.logger - INFO - –ò—Å—Ç–æ—Ä–∏—è –∫–ª–∏–µ–Ω—Ç–∞: –ò–º—è: –Ω–µ —É–∫–∞–∑–∞–Ω–æ
–í–æ–∑—Ä–∞—Å—Ç: –Ω–µ —É–∫–∞–∑–∞–Ω–æ
–ö—É—Ä—Å: –Ω–µ —É–∫–∞–∑–∞–Ω–æ
–ù–æ–º–µ—Ä: –Ω–µ —É–∫–∞–∑–∞–Ω–æ
–ò–º—è —Ä–æ–¥–∏—Ç–µ–ª—è: –Ω–µ —É–∫–∞–∑–∞–Ω–æ
–¢–∏–ø –≤—Å—Ç—Ä–µ—á–∏: –Ω–µ —É–∫–∞–∑–∞–Ω–æ

2025-01-07 20:32:09,095 - utils.logger - INFO - PhotoService –∏–Ω–∏—Ü–∏–∞–ª–∏–∑–∏—Ä–æ–≤–∞–Ω.
2025-01-07 20:32:09,100 - utils.logger - INFO - –ò—Ç–æ–≥–æ–≤—ã–π –≤–≤–æ–¥ –¥–ª—è LLM: –∫—É –∫—É
2025-01-07 20:32:14,600 - utils.logger - INFO - –ò—Å—Ç–æ—Ä–∏—è –∫–ª–∏–µ–Ω—Ç–∞: –ò–º—è: –Ω–µ —É–∫–∞–∑–∞–Ω–æ
–í–æ–∑—Ä–∞—Å—Ç: –Ω–µ —É–∫–∞–∑–∞–Ω–æ
–ö—É—Ä—Å: –Ω–µ —É–∫–∞–∑–∞–Ω–æ
–ù–æ–º–µ—Ä: –Ω–µ —É–∫–∞–∑–∞–Ω–æ
–ò–º—è —Ä–æ–¥–∏—Ç–µ–ª—è: –Ω–µ —É–∫–∞–∑–∞–Ω–æ
–¢–∏–ø –≤—Å—Ç—Ä–µ—á–∏: –Ω–µ —É–∫–∞–∑–∞–Ω–æ

2025-01-07 20:32:23,789 - utils.logger - INFO - –û—Ç–≤–µ—Ç LLM: –ó–¥—Ä–∞–≤—Å—Ç–≤—É–π—Ç–µ! üëã –Ø –î–∏–∞–Ω–∞, –∫–æ–Ω—Å—É–ª—å—Ç–∞–Ω—Ç —à–∫–æ–ª—ã IMPACT Academy. –û—á–µ–Ω—å —Ä–∞–¥–∞ –≤–∞—Å –≤–∏–¥–µ—Ç—å! üòä –ö–∞–∫ —è –º–æ–≥—É –∫ –≤–∞–º –æ–±—Ä–∞—â–∞—Ç—å—Å—è? üìù~
2025-01-07 20:32:31,117 - utils.logger - INFO - CRM –¥–∞–Ω–Ω—ã–µ –¥–ª—è –æ–±–Ω–æ–≤–ª–µ–Ω–∏—è: –ò–º—è —Ä–µ–±—ë–Ω–∫–∞: –Ω–µ –¥–∞–Ω–æ |
–ù–æ–º–µ—Ä —Ç–µ–ª–µ—Ñ–æ–Ω–∞: –Ω–µ –¥–∞–Ω–æ |
–ö—É—Ä—Å: –Ω–µ –æ–ø—Ä–µ–¥–µ–ª—ë–Ω |
–í–æ–∑—Ä–∞—Å—Ç —Ä–µ–±—ë–Ω–∫–∞: –Ω–µ –¥–∞–Ω–æ |
–ò–º—è —Ä–æ–¥–∏—Ç–µ–ª—è: –Ω–µ –¥–∞–Ω–æ |
–¢–∏–ø –≤—Å—Ç—Ä–µ—á–∏: –Ω–µ –¥–∞–Ω–æ |
ID: 78519699
–ü–µ—Ä–µ–Ω–µ—Å—Ç–∏ —Å–¥–µ–ª–∫—É: No |
2025-01-07 20:33:17,917 - utils.logger - INFO - –û—Ç–≤–µ—Ç LLM: –ó–¥—Ä–∞–≤—Å—Ç–≤—É–π—Ç–µ! üëã –Ø –î–∏–∞–Ω–∞, –∫–æ–Ω—Å—É–ª—å—Ç–∞–Ω—Ç —à–∫–æ–ª—ã IMPACT Academy. –û—á–µ–Ω—å —Ä–∞–¥–∞ –≤–∞—Å –≤–∏–¥–µ—Ç—å! üòä~ –°–∫–∞–∂–∏—Ç–µ, –ø–æ–∂–∞–ª—É–π—Å—Ç–∞, –∫–∞–∫ —è –º–æ–≥—É –∫ –≤–∞–º –æ–±—Ä–∞—â–∞—Ç—å—Å—è? üìù~
2025-01-07 20:33:25,257 - utils.logger - INFO - CRM –¥–∞–Ω–Ω—ã–µ –¥–ª—è –æ–±–Ω–æ–≤–ª–µ–Ω–∏—è: –ò–º—è —Ä–µ–±—ë–Ω–∫–∞: –Ω–µ –¥–∞–Ω–æ |
–ù–æ–º–µ—Ä —Ç–µ–ª–µ—Ñ–æ–Ω–∞: –Ω–µ –¥–∞–Ω–æ |
–ö—É—Ä—Å: –Ω–µ –¥–∞–Ω–æ |
–í–æ–∑—Ä–∞—Å—Ç —Ä–µ–±—ë–Ω–∫–∞: –Ω–µ –¥–∞–Ω–æ |
–ò–º—è —Ä–æ–¥–∏—Ç–µ–ª—è: –Ω–µ –¥–∞–Ω–æ |
–¢–∏–ø –≤—Å—Ç—Ä–µ—á–∏: –Ω–µ –¥–∞–Ω–æ |
ID: 78519699
–ü–µ—Ä–µ–Ω–µ—Å—Ç–∏ —Å–¥–µ–ª–∫—É: No |
2025-01-07 20:35:09,246 - utils.logger - INFO - PhotoService –∏–Ω–∏—Ü–∏–∞–ª–∏–∑–∏—Ä–æ–≤–∞–Ω.
2025-01-07 20:35:09,252 - utils.logger - INFO - –ò—Ç–æ–≥–æ–≤—ã–π –≤–≤–æ–¥ –¥–ª—è LLM: asdsad
2025-01-07 20:35:10,997 - utils.logger - INFO - PhotoService –∏–Ω–∏—Ü–∏–∞–ª–∏–∑–∏—Ä–æ–≤–∞–Ω.
2025-01-07 20:35:11,005 - utils.logger - INFO - –ò—Ç–æ–≥–æ–≤—ã–π –≤–≤–æ–¥ –¥–ª—è LLM: –∫—É –∫—É
2025-01-07 20:35:14,984 - utils.logger - INFO - –ò—Å—Ç–æ—Ä–∏—è –∫–ª–∏–µ–Ω—Ç–∞: –ò–º—è: –Ω–µ –¥–∞–Ω–æ
–í–æ–∑—Ä–∞—Å—Ç: –Ω–µ –¥–∞–Ω–æ
–ö—É—Ä—Å: –Ω–µ –æ–ø—Ä–µ–¥–µ–ª—ë–Ω
–ù–æ–º–µ—Ä: –Ω–µ –¥–∞–Ω–æ
–ò–º—è —Ä–æ–¥–∏—Ç–µ–ª—è: –Ω–µ –¥–∞–Ω–æ
–¢–∏–ø –≤—Å—Ç—Ä–µ—á–∏: –Ω–µ –¥–∞–Ω–æ

2025-01-07 20:35:16,512 - utils.logger - INFO - –ò—Å—Ç–æ—Ä–∏—è –∫–ª–∏–µ–Ω—Ç–∞: –ò–º—è: –Ω–µ –¥–∞–Ω–æ
–í–æ–∑—Ä–∞—Å—Ç: –Ω–µ –¥–∞–Ω–æ
–ö—É—Ä—Å: –Ω–µ –¥–∞–Ω–æ
–ù–æ–º–µ—Ä: –Ω–µ –¥–∞–Ω–æ
–ò–º—è —Ä–æ–¥–∏—Ç–µ–ª—è: –Ω–µ –¥–∞–Ω–æ
–¢–∏–ø –≤—Å—Ç—Ä–µ—á–∏: –Ω–µ –¥–∞–Ω–æ

2025-01-07 20:42:56,598 - utils.logger - INFO - PhotoService –∏–Ω–∏—Ü–∏–∞–ª–∏–∑–∏—Ä–æ–≤–∞–Ω.
2025-01-07 20:42:56,604 - utils.logger - INFO - –ò—Ç–æ–≥–æ–≤—ã–π –≤–≤–æ–¥ –¥–ª—è LLM: dsdfsdfs
2025-01-07 20:43:02,902 - utils.logger - INFO - –ò—Å—Ç–æ—Ä–∏—è –∫–ª–∏–µ–Ω—Ç–∞: –ò–º—è: –Ω–µ —É–∫–∞–∑–∞–Ω–æ
–í–æ–∑—Ä–∞—Å—Ç: –Ω–µ —É–∫–∞–∑–∞–Ω–æ
–ö—É—Ä—Å: –Ω–µ —É–∫–∞–∑–∞–Ω–æ
–ù–æ–º–µ—Ä: –Ω–µ —É–∫–∞–∑–∞–Ω–æ
–ò–º—è —Ä–æ–¥–∏—Ç–µ–ª—è: –Ω–µ —É–∫–∞–∑–∞–Ω–æ
–¢–∏–ø –≤—Å—Ç—Ä–µ—á–∏: –Ω–µ —É–∫–∞–∑–∞–Ω–æ

2025-01-07 20:44:28,727 - utils.logger - INFO - PhotoService –∏–Ω–∏—Ü–∏–∞–ª–∏–∑–∏—Ä–æ–≤–∞–Ω.
2025-01-07 20:44:28,732 - utils.logger - INFO - –ò—Ç–æ–≥–æ–≤—ã–π –≤–≤–æ–¥ –¥–ª—è LLM: –∫—É –∫—É
2025-01-07 20:44:35,289 - utils.logger - INFO - –ò—Å—Ç–æ—Ä–∏—è –∫–ª–∏–µ–Ω—Ç–∞: –ò–º—è: –Ω–µ —É–∫–∞–∑–∞–Ω–æ
–í–æ–∑—Ä–∞—Å—Ç: –Ω–µ —É–∫–∞–∑–∞–Ω–æ
–ö—É—Ä—Å: –Ω–µ —É–∫–∞–∑–∞–Ω–æ
–ù–æ–º–µ—Ä: –Ω–µ —É–∫–∞–∑–∞–Ω–æ
–ò–º—è —Ä–æ–¥–∏—Ç–µ–ª—è: –Ω–µ —É–∫–∞–∑–∞–Ω–æ
–¢–∏–ø –≤—Å—Ç—Ä–µ—á–∏: –Ω–µ —É–∫–∞–∑–∞–Ω–æ

2025-01-07 20:46:45,010 - utils.logger - INFO - –û—Ç–≤–µ—Ç LLM: –ó–¥—Ä–∞–≤—Å—Ç–≤—É–π—Ç–µ! üëã –Ø –î–∏–∞–Ω–∞, –∫–æ–Ω—Å—É–ª—å—Ç–∞–Ω—Ç —à–∫–æ–ª—ã IMPACT Academy. –û—á–µ–Ω—å —Ä–∞–¥–∞ –≤–∞—Å –≤–∏–¥–µ—Ç—å! üòä~ –°–∫–∞–∂–∏—Ç–µ, –ø–æ–∂–∞–ª—É–π—Å—Ç–∞, –∫–∞–∫ —è –º–æ–≥—É –∫ –≤–∞–º –æ–±—Ä–∞—â–∞—Ç—å—Å—è? üìù~
2025-01-07 20:46:50,549 - utils.logger - INFO - CRM –¥–∞–Ω–Ω—ã–µ –¥–ª—è –æ–±–Ω–æ–≤–ª–µ–Ω–∏—è: –ò–º—è —Ä–µ–±—ë–Ω–∫–∞: –Ω–µ –¥–∞–Ω–æ |
–ù–æ–º–µ—Ä —Ç–µ–ª–µ—Ñ–æ–Ω–∞: –Ω–µ –¥–∞–Ω–æ |
–ö—É—Ä—Å: –Ω–µ –¥–∞–Ω–æ |
–í–æ–∑—Ä–∞—Å—Ç —Ä–µ–±—ë–Ω–∫–∞: –Ω–µ –¥–∞–Ω–æ |
–ò–º—è —Ä–æ–¥–∏—Ç–µ–ª—è: dsdfsdfs |
–¢–∏–ø –≤—Å—Ç—Ä–µ—á–∏: –Ω–µ –¥–∞–Ω–æ |
ID: 78519699
–ü–µ—Ä–µ–Ω–µ—Å—Ç–∏ —Å–¥–µ–ª–∫—É: No |
2025-01-07 20:53:15,623 - utils.logger - INFO - PhotoService –∏–Ω–∏—Ü–∏–∞–ª–∏–∑–∏—Ä–æ–≤–∞–Ω.
2025-01-07 20:53:15,628 - utils.logger - INFO - –ò—Ç–æ–≥–æ–≤—ã–π –≤–≤–æ–¥ –¥–ª—è LLM: –∫—É–∫—É
2025-01-07 20:53:23,337 - utils.logger - INFO - –ò—Å—Ç–æ—Ä–∏—è –∫–ª–∏–µ–Ω—Ç–∞: –ò–º—è: –Ω–µ —É–∫–∞–∑–∞–Ω–æ
–í–æ–∑—Ä–∞—Å—Ç: –Ω–µ —É–∫–∞–∑–∞–Ω–æ
–ö—É—Ä—Å: –Ω–µ —É–∫–∞–∑–∞–Ω–æ
–ù–æ–º–µ—Ä: –Ω–µ —É–∫–∞–∑–∞–Ω–æ
–ò–º—è —Ä–æ–¥–∏—Ç–µ–ª—è: –Ω–µ —É–∫–∞–∑–∞–Ω–æ
–¢–∏–ø –≤—Å—Ç—Ä–µ—á–∏: –Ω–µ —É–∫–∞–∑–∞–Ω–æ

2025-01-07 20:53:32,167 - utils.logger - INFO - –û—Ç–≤–µ—Ç LLM: –ó–¥—Ä–∞–≤—Å—Ç–≤—É–π—Ç–µ! üëã –Ø –î–∏–∞–Ω–∞, –∫–æ–Ω—Å—É–ª—å—Ç–∞–Ω—Ç —à–∫–æ–ª—ã IMPACT Academy. –û—á–µ–Ω—å —Ä–∞–¥–∞ –≤–∞—Å –≤–∏–¥–µ—Ç—å! üòä~ –°–∫–∞–∂–∏—Ç–µ, –ø–æ–∂–∞–ª—É–π—Å—Ç–∞, –∫–∞–∫ —è –º–æ–≥—É –∫ –≤–∞–º –æ–±—Ä–∞—â–∞—Ç—å—Å—è? üìù~
2025-01-07 20:53:38,961 - utils.logger - INFO - CRM –¥–∞–Ω–Ω—ã–µ –¥–ª—è –æ–±–Ω–æ–≤–ª–µ–Ω–∏—è: –ò–º—è —Ä–µ–±—ë–Ω–∫–∞: –Ω–µ –¥–∞–Ω–æ |
–ù–æ–º–µ—Ä —Ç–µ–ª–µ—Ñ–æ–Ω–∞: –Ω–µ –¥–∞–Ω–æ |
–ö—É—Ä—Å: –Ω–µ –¥–∞–Ω–æ |
–í–æ–∑—Ä–∞—Å—Ç —Ä–µ–±—ë–Ω–∫–∞: –Ω–µ –¥–∞–Ω–æ |
–ò–º—è —Ä–æ–¥–∏—Ç–µ–ª—è: –Ω–µ –¥–∞–Ω–æ |
–¢–∏–ø –≤—Å—Ç—Ä–µ—á–∏: –Ω–µ –¥–∞–Ω–æ |
ID: 78519699
–ü–µ—Ä–µ–Ω–µ—Å—Ç–∏ —Å–¥–µ–ª–∫—É: No |
2025-01-07 20:54:13,407 - utils.logger - INFO - PhotoService –∏–Ω–∏—Ü–∏–∞–ª–∏–∑–∏—Ä–æ–≤–∞–Ω.
2025-01-07 20:54:13,413 - utils.logger - INFO - –ò—Ç–æ–≥–æ–≤—ã–π –≤–≤–æ–¥ –¥–ª—è LLM: –ú–µ–Ω—è –∑–æ–≤—É—Ç –î–∞–Ω–∏–ª–∞ –∞ –≤–∞—Å
2025-01-07 20:54:19,222 - utils.logger - INFO - –ò—Å—Ç–æ—Ä–∏—è –∫–ª–∏–µ–Ω—Ç–∞: –ò–º—è: –Ω–µ –¥–∞–Ω–æ
–í–æ–∑—Ä–∞—Å—Ç: –Ω–µ –¥–∞–Ω–æ
–ö—É—Ä—Å: –Ω–µ –¥–∞–Ω–æ
–ù–æ–º–µ—Ä: –Ω–µ –¥–∞–Ω–æ
–ò–º—è —Ä–æ–¥–∏—Ç–µ–ª—è: –Ω–µ –¥–∞–Ω–æ
–¢–∏–ø –≤—Å—Ç—Ä–µ—á–∏: –Ω–µ –¥–∞–Ω–æ

2025-01-07 20:54:24,868 - utils.logger - INFO - –û—Ç–≤–µ—Ç LLM: –û—á–µ–Ω—å –ø—Ä–∏—è—Ç–Ω–æ, –î–∞–Ω–∏–ª–∞! üòä –ú–µ–Ω—è –∑–æ–≤—É—Ç –î–∏–∞–Ω–∞. –ú–æ–≥—É —è —É–∑–Ω–∞—Ç—å, –∫–∞–∫ –∑–æ–≤—É—Ç –≤–∞—à–µ–≥–æ —Ä–µ–±—ë–Ω–∫–∞?~ üè∑Ô∏è
2025-01-07 20:54:31,310 - utils.logger - INFO - CRM –¥–∞–Ω–Ω—ã–µ –¥–ª—è –æ–±–Ω–æ–≤–ª–µ–Ω–∏—è: –ò–º—è —Ä–µ–±—ë–Ω–∫–∞: –Ω–µ –¥–∞–Ω–æ |
–ù–æ–º–µ—Ä —Ç–µ–ª–µ—Ñ–æ–Ω–∞: –Ω–µ –¥–∞–Ω–æ |
–ö—É—Ä—Å: –Ω–µ –¥–∞–Ω–æ |
–í–æ–∑—Ä–∞—Å—Ç —Ä–µ–±—ë–Ω–∫–∞: –Ω–µ –¥–∞–Ω–æ |
–ò–º—è —Ä–æ–¥–∏—Ç–µ–ª—è: –î–∞–Ω–∏–ª–∞ |
–¢–∏–ø –≤—Å—Ç—Ä–µ—á–∏: –Ω–µ –¥–∞–Ω–æ |
ID: 78519699
–ü–µ—Ä–µ–Ω–µ—Å—Ç–∏ —Å–¥–µ–ª–∫—É: No |
2025-01-07 20:55:19,353 - utils.logger - INFO - PhotoService –∏–Ω–∏—Ü–∏–∞–ª–∏–∑–∏—Ä–æ–≤–∞–Ω.
2025-01-07 20:55:19,359 - utils.logger - INFO - –ò—Ç–æ–≥–æ–≤—ã–π –≤–≤–æ–¥ –¥–ª—è LLM: –ï–µ –∑–æ–≤—É—Ç –ö—Ä–∏–ø–µ—Ä
2025-01-07 20:55:25,327 - utils.logger - INFO - –ò—Å—Ç–æ—Ä–∏—è –∫–ª–∏–µ–Ω—Ç–∞: –ò–º—è: –Ω–µ –¥–∞–Ω–æ
–í–æ–∑—Ä–∞—Å—Ç: –Ω–µ –¥–∞–Ω–æ
–ö—É—Ä—Å: –Ω–µ –¥–∞–Ω–æ
–ù–æ–º–µ—Ä: –Ω–µ –¥–∞–Ω–æ
–ò–º—è —Ä–æ–¥–∏—Ç–µ–ª—è: –î–∞–Ω–∏–ª–∞
–¢–∏–ø –≤—Å—Ç—Ä–µ—á–∏: –Ω–µ –¥–∞–Ω–æ

2025-01-07 20:55:54,166 - utils.logger - INFO - –û—Ç–≤–µ—Ç LLM: –ö–∞–∫–æ–µ –∏–Ω—Ç–µ—Ä–µ—Å–Ω–æ–µ –∏–º—è! üòä –°–∫–æ–ª—å–∫–æ –ª–µ—Ç –ö—Ä–∏–ø–µ—Ä?~ üéÇ –≠—Ç–æ –ø–æ–º–æ–∂–µ—Ç –Ω–∞–º –ø—Ä–µ–¥–ª–æ–∂–∏—Ç—å –ø–æ–¥—Ö–æ–¥—è—â–∏–µ –ø—Ä–æ–≥—Ä–∞–º–º—ã. üìÖ
2025-01-07 20:55:59,777 - utils.logger - INFO - CRM –¥–∞–Ω–Ω—ã–µ –¥–ª—è –æ–±–Ω–æ–≤–ª–µ–Ω–∏—è: –ò–º—è —Ä–µ–±—ë–Ω–∫–∞: –ö—Ä–∏–ø–µ—Ä |
–í–æ–∑—Ä–∞—Å—Ç: –Ω–µ –¥–∞–Ω–æ |
–ö—É—Ä—Å: –Ω–µ –¥–∞–Ω–æ |
–ù–æ–º–µ—Ä —Ç–µ–ª–µ—Ñ–æ–Ω–∞: –Ω–µ –¥–∞–Ω–æ |
–ò–º—è —Ä–æ–¥–∏—Ç–µ–ª—è: –î–∞–Ω–∏–ª–∞ |
–¢–∏–ø –≤—Å—Ç—Ä–µ—á–∏: –Ω–µ –¥–∞–Ω–æ |
ID: 78519699
–ü–µ—Ä–µ–Ω–µ—Å—Ç–∏ —Å–¥–µ–ª–∫—É: No |
2025-01-07 20:55:59,777 - utils.logger - ERROR - –ü—Ä–æ–∏–∑–æ—à–ª–∞ –æ—à–∏–±–∫–∞ –ø—Ä–∏ –æ–±—Ä–∞–±–æ—Ç–∫–µ: 'NoneType' object has no attribute 'group'
Traceback (most recent call last):
  File "/home/maksud/Project/impact/core/main.py", line 111, in process_messages
    await change_status(entity_id, crm_data)
  File "/home/maksud/Project/impact/status_crm/amo_status_change.py", line 18, in change_status
    new_child_age = re.search(r"–í–æ–∑—Ä–∞—Å—Ç —Ä–µ–±—ë–Ω–∫–∞\s*:\s*([^|\n]+)", response_text).group(1).strip()
                    ^^^^^^^^^^^^^^^^^^^^^^^^^^^^^^^^^^^^^^^^^^^^^^^^^^^^^^^^^^^^^^^^^^
AttributeError: 'NoneType' object has no attribute 'group'
2025-01-07 20:56:35,509 - utils.logger - INFO - PhotoService –∏–Ω–∏—Ü–∏–∞–ª–∏–∑–∏—Ä–æ–≤–∞–Ω.
2025-01-07 20:56:35,515 - utils.logger - INFO - –ò—Ç–æ–≥–æ–≤—ã–π –≤–≤–æ–¥ –¥–ª—è LLM: –ï–π 11 –ª–µ—Ç
2025-01-07 20:56:41,347 - utils.logger - INFO - –ò—Å—Ç–æ—Ä–∏—è –∫–ª–∏–µ–Ω—Ç–∞: –ò–º—è: –Ω–µ –¥–∞–Ω–æ
–í–æ–∑—Ä–∞—Å—Ç: –Ω–µ –¥–∞–Ω–æ
–ö—É—Ä—Å: –Ω–µ –¥–∞–Ω–æ
–ù–æ–º–µ—Ä: –Ω–µ –¥–∞–Ω–æ
–ò–º—è —Ä–æ–¥–∏—Ç–µ–ª—è: –î–∞–Ω–∏–ª–∞
–¢–∏–ø –≤—Å—Ç—Ä–µ—á–∏: –Ω–µ –¥–∞–Ω–æ

2025-01-07 20:57:20,610 - utils.logger - INFO - –û—Ç–≤–µ—Ç LLM: –û—Ç–ª–∏—á–Ω–æ, 11 –ª–µ—Ç! üéâ –ß–µ–º —É–≤–ª–µ–∫–∞–µ—Ç—Å—è –ö—Ä–∏–ø–µ—Ä?~ –ú–æ–∂–µ—Ç –±—ã—Ç—å, –µ–π –Ω—Ä–∞–≤–∏—Ç—Å—è —Ä–∏—Å–æ–≤–∞—Ç—å üé®, –∏–≥—Ä–∞—Ç—å –≤ –≤–∏–¥–µ–æ–∏–≥—Ä—ã üéÆ –∏–ª–∏ –∏–Ω—Ç–µ—Ä–µ—Å—É–µ—Ç—Å—è —Ç–µ—Ö–Ω–æ–ª–æ–≥–∏—è–º–∏?~ üíª
2025-01-07 20:57:29,021 - utils.logger - INFO - CRM –¥–∞–Ω–Ω—ã–µ –¥–ª—è –æ–±–Ω–æ–≤–ª–µ–Ω–∏—è: –ò–º—è —Ä–µ–±—ë–Ω–∫–∞: –Ω–µ –¥–∞–Ω–æ |
–ù–æ–º–µ—Ä —Ç–µ–ª–µ—Ñ–æ–Ω–∞: –Ω–µ –¥–∞–Ω–æ |
–ö—É—Ä—Å: –Ω–µ –¥–∞–Ω–æ |
–í–æ–∑—Ä–∞—Å—Ç —Ä–µ–±—ë–Ω–∫–∞: 11 |
–ò–º—è —Ä–æ–¥–∏—Ç–µ–ª—è: –î–∞–Ω–∏–ª–∞ |
–¢–∏–ø –≤—Å—Ç—Ä–µ—á–∏: –Ω–µ –¥–∞–Ω–æ |
ID: 78519699
–ü–µ—Ä–µ–Ω–µ—Å—Ç–∏ —Å–¥–µ–ª–∫—É: No |
2025-01-07 21:32:42,324 - utils.logger - INFO - PhotoService –∏–Ω–∏—Ü–∏–∞–ª–∏–∑–∏—Ä–æ–≤–∞–Ω.
2025-01-07 21:32:42,329 - utils.logger - INFO - –ò—Ç–æ–≥–æ–≤—ã–π –≤–≤–æ–¥ –¥–ª—è LLM: asdasd
2025-01-07 21:32:48,953 - utils.logger - INFO - –ò—Å—Ç–æ—Ä–∏—è –∫–ª–∏–µ–Ω—Ç–∞: –ò–º—è: –Ω–µ –¥–∞–Ω–æ
–í–æ–∑—Ä–∞—Å—Ç: –Ω–µ –¥–∞–Ω–æ
–ö—É—Ä—Å: –Ω–µ –¥–∞–Ω–æ
–ù–æ–º–µ—Ä: –Ω–µ –¥–∞–Ω–æ
–ò–º—è —Ä–æ–¥–∏—Ç–µ–ª—è: dsdfsdfs
–¢–∏–ø –≤—Å—Ç—Ä–µ—á–∏: –Ω–µ –¥–∞–Ω–æ

2025-01-07 21:36:07,991 - utils.logger - INFO - PhotoService –∏–Ω–∏—Ü–∏–∞–ª–∏–∑–∏—Ä–æ–≤–∞–Ω.
2025-01-07 21:36:07,997 - utils.logger - INFO - –ò—Ç–æ–≥–æ–≤—ã–π –≤–≤–æ–¥ –¥–ª—è LLM: asdasd
2025-01-07 21:36:13,814 - utils.logger - INFO - –ò—Å—Ç–æ—Ä–∏—è –∫–ª–∏–µ–Ω—Ç–∞: –ò–º—è: –Ω–µ —É–∫–∞–∑–∞–Ω–æ
–í–æ–∑—Ä–∞—Å—Ç: –Ω–µ —É–∫–∞–∑–∞–Ω–æ
–ö—É—Ä—Å: –Ω–µ —É–∫–∞–∑–∞–Ω–æ
–ù–æ–º–µ—Ä: –Ω–µ —É–∫–∞–∑–∞–Ω–æ
–ò–º—è —Ä–æ–¥–∏—Ç–µ–ª—è: –Ω–µ —É–∫–∞–∑–∞–Ω–æ
–¢–∏–ø –≤—Å—Ç—Ä–µ—á–∏: –Ω–µ —É–∫–∞–∑–∞–Ω–æ

2025-01-07 21:36:21,097 - utils.logger - INFO - –û—Ç–≤–µ—Ç LLM: –ö–∞–∫ –∑–æ–≤—É—Ç –≤–∞—à–µ–≥–æ —Ä–µ–±—ë–Ω–∫–∞?~ üòä –ò–º—è –ø–æ–º–æ–∂–µ—Ç –Ω–∞–º –ø–æ–∑–Ω–∞–∫–æ–º–∏—Ç—å—Å—è –±–ª–∏–∂–µ –∏ —Å–¥–µ–ª–∞—Ç—å –Ω–∞—à–µ –æ–±—â–µ–Ω–∏–µ –µ—â—ë —Ç–µ–ø–ª–µ–µ. üè∑Ô∏è~
2025-01-07 21:36:27,241 - utils.logger - INFO - CRM –¥–∞–Ω–Ω—ã–µ –¥–ª—è –æ–±–Ω–æ–≤–ª–µ–Ω–∏—è: –ò–º—è —Ä–µ–±—ë–Ω–∫–∞: –Ω–µ –¥–∞–Ω–æ |
–ù–æ–º–µ—Ä —Ç–µ–ª–µ—Ñ–æ–Ω–∞: –Ω–µ –¥–∞–Ω–æ |
–ö—É—Ä—Å: –Ω–µ –¥–∞–Ω–æ |
–í–æ–∑—Ä–∞—Å—Ç —Ä–µ–±—ë–Ω–∫–∞: –Ω–µ –¥–∞–Ω–æ |
–ò–º—è —Ä–æ–¥–∏—Ç–µ–ª—è: –Ω–µ –¥–∞–Ω–æ |
–¢–∏–ø –≤—Å—Ç—Ä–µ—á–∏: –Ω–µ –¥–∞–Ω–æ |
ID: 78519699
–ü–µ—Ä–µ–Ω–µ—Å—Ç–∏ —Å–¥–µ–ª–∫—É: No |
2025-01-07 21:41:31,584 - utils.logger - INFO - PhotoService –∏–Ω–∏—Ü–∏–∞–ª–∏–∑–∏—Ä–æ–≤–∞–Ω.
2025-01-07 21:41:31,589 - utils.logger - INFO - –ò—Ç–æ–≥–æ–≤—ã–π –≤–≤–æ–¥ –¥–ª—è LLM: qweqwe
2025-01-07 21:41:38,326 - utils.logger - ERROR - –ü—Ä–æ–∏–∑–æ—à–ª–∞ –æ—à–∏–±–∫–∞ –ø—Ä–∏ –æ–±—Ä–∞–±–æ—Ç–∫–µ: 
Traceback (most recent call last):
  File "/home/maksud/Project/impact/venv/lib/python3.13/site-packages/aiohttp/client_reqrep.py", line 1059, in start
    message, payload = await protocol.read()  # type: ignore[union-attr]
                       ^^^^^^^^^^^^^^^^^^^^^
  File "/home/maksud/Project/impact/venv/lib/python3.13/site-packages/aiohttp/streams.py", line 671, in read
    await self._waiter
asyncio.exceptions.CancelledError

The above exception was the direct cause of the following exception:

Traceback (most recent call last):
  File "/home/maksud/Project/impact/core/main.py", line 95, in process_messages
    amo_history = await get_client_history(entity_id)
                  ^^^^^^^^^^^^^^^^^^^^^^^^^^^^^^^^^^^
  File "/home/maksud/Project/impact/status_crm/amo_client_history.py", line 16, in get_client_history
    async with session.get(url, headers=headers, timeout=2) as response:
               ~~~~~~~~~~~^^^^^^^^^^^^^^^^^^^^^^^^^^^^^^^^^
  File "/home/maksud/Project/impact/venv/lib/python3.13/site-packages/aiohttp/client.py", line 1425, in __aenter__
    self._resp: _RetType = await self._coro
                           ^^^^^^^^^^^^^^^^
  File "/home/maksud/Project/impact/venv/lib/python3.13/site-packages/aiohttp/client.py", line 730, in _request
    await resp.start(conn)
  File "/home/maksud/Project/impact/venv/lib/python3.13/site-packages/aiohttp/client_reqrep.py", line 1054, in start
    with self._timer:
         ^^^^^^^^^^^
  File "/home/maksud/Project/impact/venv/lib/python3.13/site-packages/aiohttp/helpers.py", line 671, in __exit__
    raise asyncio.TimeoutError from exc_val
TimeoutError
2025-01-07 21:46:17,762 - utils.logger - INFO - PhotoService –∏–Ω–∏—Ü–∏–∞–ª–∏–∑–∏—Ä–æ–≤–∞–Ω.
2025-01-07 21:46:17,767 - utils.logger - INFO - –ò—Ç–æ–≥–æ–≤—ã–π –≤–≤–æ–¥ –¥–ª—è LLM: –∫–∞–∫ –≤–∏–¥–µ–æ
2025-01-07 21:46:23,450 - utils.logger - INFO - –ò—Å—Ç–æ—Ä–∏—è –∫–ª–∏–µ–Ω—Ç–∞: –ò–º—è: –Ω–µ –¥–∞–Ω–æ
–í–æ–∑—Ä–∞—Å—Ç: –Ω–µ –¥–∞–Ω–æ
–ö—É—Ä—Å: –Ω–µ –¥–∞–Ω–æ
–ù–æ–º–µ—Ä: –Ω–µ –¥–∞–Ω–æ
–ò–º—è —Ä–æ–¥–∏—Ç–µ–ª—è: –Ω–µ –¥–∞–Ω–æ
–¢–∏–ø –≤—Å—Ç—Ä–µ—á–∏: –Ω–µ –¥–∞–Ω–æ

2025-01-07 21:46:30,368 - utils.logger - INFO - –û—Ç–≤–µ—Ç LLM: –°–∫–æ–ª—å–∫–æ –ª–µ—Ç –≤–∞—à–µ–º—É —Ä–µ–±—ë–Ω–∫—É?~ üéÇ –≠—Ç–æ –ø–æ–º–æ–∂–µ—Ç –Ω–∞–º –ø—Ä–µ–¥–ª–æ–∂–∏—Ç—å –∏–º–µ–Ω–Ω–æ —Ç–µ –ø—Ä–æ–≥—Ä–∞–º–º—ã, –∫–æ—Ç–æ—Ä—ã–µ –∏–¥–µ–∞–ª—å–Ω–æ –ø–æ–¥–æ–π–¥—É—Ç –≤–∞—à–µ–º—É —Ä–µ–±—ë–Ω–∫—É. üìÖ~
2025-01-07 21:46:37,928 - utils.logger - INFO - CRM –¥–∞–Ω–Ω—ã–µ –¥–ª—è –æ–±–Ω–æ–≤–ª–µ–Ω–∏—è: –ò–º—è —Ä–µ–±—ë–Ω–∫–∞: –Ω–µ –¥–∞–Ω–æ |
–ù–æ–º–µ—Ä —Ç–µ–ª–µ—Ñ–æ–Ω–∞: –Ω–µ –¥–∞–Ω–æ |
–ö—É—Ä—Å: –Ω–µ –¥–∞–Ω–æ |
–í–æ–∑—Ä–∞—Å—Ç —Ä–µ–±—ë–Ω–∫–∞: –Ω–µ –¥–∞–Ω–æ |
–ò–º—è —Ä–æ–¥–∏—Ç–µ–ª—è: –Ω–µ –¥–∞–Ω–æ |
–¢–∏–ø –≤—Å—Ç—Ä–µ—á–∏: –Ω–µ –¥–∞–Ω–æ |
ID: 78519699
–ü–µ—Ä–µ–Ω–µ—Å—Ç–∏ —Å–¥–µ–ª–∫—É: No |
2025-01-07 21:46:54,564 - utils.logger - INFO - PhotoService –∏–Ω–∏—Ü–∏–∞–ª–∏–∑–∏—Ä–æ–≤–∞–Ω.
2025-01-07 21:46:54,570 - utils.logger - INFO - –ò—Ç–æ–≥–æ–≤—ã–π –≤–≤–æ–¥ –¥–ª—è LLM: 11
2025-01-07 21:47:00,651 - utils.logger - INFO - –ò—Å—Ç–æ—Ä–∏—è –∫–ª–∏–µ–Ω—Ç–∞: –ò–º—è: –Ω–µ –¥–∞–Ω–æ
–í–æ–∑—Ä–∞—Å—Ç: –Ω–µ –¥–∞–Ω–æ
–ö—É—Ä—Å: –Ω–µ –¥–∞–Ω–æ
–ù–æ–º–µ—Ä: –Ω–µ –¥–∞–Ω–æ
–ò–º—è —Ä–æ–¥–∏—Ç–µ–ª—è: –Ω–µ –¥–∞–Ω–æ
–¢–∏–ø –≤—Å—Ç—Ä–µ—á–∏: –Ω–µ –¥–∞–Ω–æ

2025-01-07 21:47:08,391 - utils.logger - INFO - –û—Ç–≤–µ—Ç LLM: –ß–µ–º —É–≤–ª–µ–∫–∞–µ—Ç—Å—è –≤–∞—à —Ä–µ–±—ë–Ω–æ–∫?~ –í–æ–∑–º–æ–∂–Ω–æ, –æ–Ω/–æ–Ω–∞ –ª—é–±–∏—Ç —Ä–∏—Å–æ–≤–∞—Ç—å üé®, –∏–≥—Ä–∞—Ç—å –≤ –≤–∏–¥–µ–æ–∏–≥—Ä—ã üéÆ –∏–ª–∏ –ø—Ä–æ—è–≤–ª—è–µ—Ç –∏–Ω—Ç–µ—Ä–µ—Å –∫ –∫–æ–º–ø—å—é—Ç–µ—Ä–∞–º –∏ —Ç–µ—Ö–Ω–æ–ª–æ–≥–∏—è–º?~ üíª –≠—Ç–æ –¥–∞—Å—Ç –Ω–∞–º –≤–æ–∑–º–æ–∂–Ω–æ—Å—Ç—å –ø—Ä–µ–¥–ª–æ–∂–∏—Ç—å —á—Ç–æ-—Ç–æ –ø–æ-–Ω–∞—Å—Ç–æ—è—â–µ–º—É –∏–Ω—Ç–µ—Ä–µ—Å–Ω–æ–µ.~
2025-01-07 21:47:15,838 - utils.logger - INFO - CRM –¥–∞–Ω–Ω—ã–µ –¥–ª—è –æ–±–Ω–æ–≤–ª–µ–Ω–∏—è: –ò–º—è —Ä–µ–±—ë–Ω–∫–∞: –Ω–µ –¥–∞–Ω–æ |
–ù–æ–º–µ—Ä —Ç–µ–ª–µ—Ñ–æ–Ω–∞: –Ω–µ –¥–∞–Ω–æ |
–ö—É—Ä—Å: –Ω–µ –¥–∞–Ω–æ |
–í–æ–∑—Ä–∞—Å—Ç —Ä–µ–±—ë–Ω–∫–∞: –Ω–µ –¥–∞–Ω–æ |
–ò–º—è —Ä–æ–¥–∏—Ç–µ–ª—è: –Ω–µ –¥–∞–Ω–æ |
–¢–∏–ø –≤—Å—Ç—Ä–µ—á–∏: –Ω–µ –¥–∞–Ω–æ |
ID: 78519699
–ü–µ—Ä–µ–Ω–µ—Å—Ç–∏ —Å–¥–µ–ª–∫—É: No |
2025-01-07 21:48:21,901 - utils.logger - INFO - PhotoService –∏–Ω–∏—Ü–∏–∞–ª–∏–∑–∏—Ä–æ–≤–∞–Ω.
2025-01-07 21:48:21,907 - utils.logger - INFO - –ò—Ç–æ–≥–æ–≤—ã–π –≤–≤–æ–¥ –¥–ª—è LLM: —Å–∞–ª–∞–º
2025-01-07 21:48:28,544 - utils.logger - INFO - –ò—Å—Ç–æ—Ä–∏—è –∫–ª–∏–µ–Ω—Ç–∞: –ò–º—è: –Ω–µ –¥–∞–Ω–æ
–í–æ–∑—Ä–∞—Å—Ç: –Ω–µ –¥–∞–Ω–æ
–ö—É—Ä—Å: –Ω–µ –¥–∞–Ω–æ
–ù–æ–º–µ—Ä: –Ω–µ –¥–∞–Ω–æ
–ò–º—è —Ä–æ–¥–∏—Ç–µ–ª—è: –Ω–µ –¥–∞–Ω–æ
–¢–∏–ø –≤—Å—Ç—Ä–µ—á–∏: –Ω–µ –¥–∞–Ω–æ

2025-01-07 21:49:26,123 - utils.logger - INFO - PhotoService –∏–Ω–∏—Ü–∏–∞–ª–∏–∑–∏—Ä–æ–≤–∞–Ω.
2025-01-07 21:49:26,128 - utils.logger - INFO - –ò—Ç–æ–≥–æ–≤—ã–π –≤–≤–æ–¥ –¥–ª—è LLM: —Ñ—ã–≤—Ñ—ã–≤
2025-01-07 21:49:32,075 - utils.logger - INFO - –ò—Å—Ç–æ—Ä–∏—è –∫–ª–∏–µ–Ω—Ç–∞: –ò–º—è: –Ω–µ –¥–∞–Ω–æ
–í–æ–∑—Ä–∞—Å—Ç: –Ω–µ –¥–∞–Ω–æ
–ö—É—Ä—Å: –Ω–µ –¥–∞–Ω–æ
–ù–æ–º–µ—Ä: –Ω–µ –¥–∞–Ω–æ
–ò–º—è —Ä–æ–¥–∏—Ç–µ–ª—è: –Ω–µ –¥–∞–Ω–æ
–¢–∏–ø –≤—Å—Ç—Ä–µ—á–∏: –Ω–µ –¥–∞–Ω–æ

2025-01-07 21:49:33,153 - utils.logger - ERROR - –ü—Ä–æ–∏–∑–æ—à–ª–∞ –æ—à–∏–±–∫–∞ –ø—Ä–∏ –æ–±—Ä–∞–±–æ—Ç–∫–µ: not enough values to unpack (expected 2, got 1)
Traceback (most recent call last):
  File "/home/maksud/Project/impact/core/main.py", line 100, in process_messages
    ai_answer, list_ai = await thread(user_input, chat_id)
    ^^^^^^^^^^^^^^^^^^
ValueError: not enough values to unpack (expected 2, got 1)
2025-01-07 21:50:15,829 - utils.logger - INFO - PhotoService –∏–Ω–∏—Ü–∏–∞–ª–∏–∑–∏—Ä–æ–≤–∞–Ω.
2025-01-07 21:50:15,834 - utils.logger - INFO - –ò—Ç–æ–≥–æ–≤—ã–π –≤–≤–æ–¥ –¥–ª—è LLM: —Ñ—Ü–≤
2025-01-07 21:50:21,796 - utils.logger - INFO - –ò—Å—Ç–æ—Ä–∏—è –∫–ª–∏–µ–Ω—Ç–∞: –ò–º—è: –Ω–µ –¥–∞–Ω–æ
–í–æ–∑—Ä–∞—Å—Ç: –Ω–µ –¥–∞–Ω–æ
–ö—É—Ä—Å: –Ω–µ –¥–∞–Ω–æ
–ù–æ–º–µ—Ä: –Ω–µ –¥–∞–Ω–æ
–ò–º—è —Ä–æ–¥–∏—Ç–µ–ª—è: –Ω–µ –¥–∞–Ω–æ
–¢–∏–ø –≤—Å—Ç—Ä–µ—á–∏: –Ω–µ –¥–∞–Ω–æ

2025-01-07 21:50:35,145 - utils.logger - INFO - –û—Ç–≤–µ—Ç LLM: –ó–¥—Ä–∞–≤—Å—Ç–≤—É–π—Ç–µ! üëã –Ø –î–∏–∞–Ω–∞, –∫–æ–Ω—Å—É–ª—å—Ç–∞–Ω—Ç —à–∫–æ–ª—ã IMPACT Academy. –û—á–µ–Ω—å —Ä–∞–¥–∞ –≤–∞—Å –≤–∏–¥–µ—Ç—å! üòä~ 

–°–∫–∞–∂–∏—Ç–µ, –ø–æ–∂–∞–ª—É–π—Å—Ç–∞, –∫–∞–∫ —è –º–æ–≥—É –∫ –≤–∞–º –æ–±—Ä–∞—â–∞—Ç—å—Å—è? üìù~
2025-01-07 21:50:42,222 - utils.logger - INFO - CRM –¥–∞–Ω–Ω—ã–µ –¥–ª—è –æ–±–Ω–æ–≤–ª–µ–Ω–∏—è: –ò–º—è —Ä–µ–±—ë–Ω–∫–∞: –Ω–µ –¥–∞–Ω–æ |
–í–æ–∑—Ä–∞—Å—Ç: –Ω–µ –¥–∞–Ω–æ |
–ö—É—Ä—Å: –Ω–µ –¥–∞–Ω–æ |
–ù–æ–º–µ—Ä —Ç–µ–ª–µ—Ñ–æ–Ω–∞: –Ω–µ –¥–∞–Ω–æ |
–ò–º—è —Ä–æ–¥–∏—Ç–µ–ª—è: –Ω–µ –¥–∞–Ω–æ |
–¢–∏–ø –≤—Å—Ç—Ä–µ—á–∏: –Ω–µ –¥–∞–Ω–æ |
ID: 78519699
–ü–µ—Ä–µ–Ω–µ—Å—Ç–∏ —Å–¥–µ–ª–∫—É: No |
2025-01-07 21:50:42,223 - utils.logger - ERROR - –ü—Ä–æ–∏–∑–æ—à–ª–∞ –æ—à–∏–±–∫–∞ –ø—Ä–∏ –æ–±—Ä–∞–±–æ—Ç–∫–µ: 'NoneType' object has no attribute 'group'
Traceback (most recent call last):
  File "/home/maksud/Project/impact/core/main.py", line 111, in process_messages
    await change_status(entity_id, crm_data)
  File "/home/maksud/Project/impact/status_crm/amo_status_change.py", line 18, in change_status
    new_child_age = re.search(r"–í–æ–∑—Ä–∞—Å—Ç —Ä–µ–±—ë–Ω–∫–∞\s*:\s*([^|\n]+)", response_text).group(1).strip()
                    ^^^^^^^^^^^^^^^^^^^^^^^^^^^^^^^^^^^^^^^^^^^^^^^^^^^^^^^^^^^^^^^^^^
AttributeError: 'NoneType' object has no attribute 'group'
2025-01-07 21:51:22,548 - utils.logger - INFO - PhotoService –∏–Ω–∏—Ü–∏–∞–ª–∏–∑–∏—Ä–æ–≤–∞–Ω.
2025-01-07 21:51:22,553 - utils.logger - INFO - –ò—Ç–æ–≥–æ–≤—ã–π –≤–≤–æ–¥ –¥–ª—è LLM: –µ–≥–æ –∑–æ–≤—É—Ç —à–∞–º–∏–ª—å
2025-01-07 21:51:28,335 - utils.logger - INFO - –ò—Å—Ç–æ—Ä–∏—è –∫–ª–∏–µ–Ω—Ç–∞: –ò–º—è: –Ω–µ –¥–∞–Ω–æ
–í–æ–∑—Ä–∞—Å—Ç: –Ω–µ –¥–∞–Ω–æ
–ö—É—Ä—Å: –Ω–µ –¥–∞–Ω–æ
–ù–æ–º–µ—Ä: –Ω–µ –¥–∞–Ω–æ
–ò–º—è —Ä–æ–¥–∏—Ç–µ–ª—è: –Ω–µ –¥–∞–Ω–æ
–¢–∏–ø –≤—Å—Ç—Ä–µ—á–∏: –Ω–µ –¥–∞–Ω–æ

2025-01-07 21:51:36,630 - utils.logger - INFO - –û—Ç–≤–µ—Ç LLM: –ó–∞–º–µ—á–∞—Ç–µ–ª—å–Ω–æ, –®–∞–º–∏–ª—å! üòä~

–ö–∞–∫ –∑–æ–≤—É—Ç –≤–∞—à–µ–≥–æ —Ä–µ–±—ë–Ω–∫–∞?~ üè∑Ô∏è
2025-01-07 21:51:45,191 - utils.logger - INFO - CRM –¥–∞–Ω–Ω—ã–µ –¥–ª—è –æ–±–Ω–æ–≤–ª–µ–Ω–∏—è: –ò–º—è —Ä–µ–±—ë–Ω–∫–∞: –®–∞–º–∏–ª—å |
–ù–æ–º–µ—Ä —Ç–µ–ª–µ—Ñ–æ–Ω–∞: –Ω–µ –¥–∞–Ω–æ |
–ö—É—Ä—Å: –Ω–µ –¥–∞–Ω–æ |
–í–æ–∑—Ä–∞—Å—Ç —Ä–µ–±—ë–Ω–∫–∞: –Ω–µ –¥–∞–Ω–æ |
–ò–º—è —Ä–æ–¥–∏—Ç–µ–ª—è: –Ω–µ –¥–∞–Ω–æ |
–¢–∏–ø –≤—Å—Ç—Ä–µ—á–∏: –Ω–µ –¥–∞–Ω–æ |
ID: 78519699
–ü–µ—Ä–µ–Ω–µ—Å—Ç–∏ —Å–¥–µ–ª–∫—É: No |
2025-01-07 21:54:21,619 - utils.logger - INFO - PhotoService –∏–Ω–∏—Ü–∏–∞–ª–∏–∑–∏—Ä–æ–≤–∞–Ω.
2025-01-07 21:54:21,624 - utils.logger - INFO - –ò—Ç–æ–≥–æ–≤—ã–π –≤–≤–æ–¥ –¥–ª—è LLM: –º–æ–µ–≥–æ —Ä–µ–±–µ–Ω–∫–∞ –∑–æ–≤—É—Ç –±—É–ª–±–∞ –±–µ–∫
2025-01-07 21:54:27,721 - utils.logger - INFO - –ò—Å—Ç–æ—Ä–∏—è –∫–ª–∏–µ–Ω—Ç–∞: –ò–º—è: –®–∞–º–∏–ª—å
–í–æ–∑—Ä–∞—Å—Ç: –Ω–µ –¥–∞–Ω–æ
–ö—É—Ä—Å: –Ω–µ –¥–∞–Ω–æ
–ù–æ–º–µ—Ä: –Ω–µ –¥–∞–Ω–æ
–ò–º—è —Ä–æ–¥–∏—Ç–µ–ª—è: –Ω–µ –¥–∞–Ω–æ
–¢–∏–ø –≤—Å—Ç—Ä–µ—á–∏: –Ω–µ –¥–∞–Ω–æ

2025-01-07 21:55:11,286 - utils.logger - INFO - –û—Ç–≤–µ—Ç LLM: –û—Ç–ª–∏—á–Ω–æ, —Å–ø–∞—Å–∏–±–æ –∑–∞ –∏–Ω—Ñ–æ—Ä–º–∞—Ü–∏—é! üòä –°–∫–æ–ª—å–∫–æ –ª–µ—Ç –ë—É–ª–±–µ –ë–µ–∫? üéÇ~
2025-01-07 21:55:15,079 - utils.logger - INFO - CRM –¥–∞–Ω–Ω—ã–µ –¥–ª—è –æ–±–Ω–æ–≤–ª–µ–Ω–∏—è: –ò–º—è —Ä–µ–±—ë–Ω–∫–∞: –ë—É–ª–±–∞ –ë–µ–∫ |
–ù–æ–º–µ—Ä —Ç–µ–ª–µ—Ñ–æ–Ω–∞: –Ω–µ –¥–∞–Ω–æ |
–ö—É—Ä—Å: –Ω–µ –¥–∞–Ω–æ |
–í–æ–∑—Ä–∞—Å—Ç —Ä–µ–±—ë–Ω–∫–∞: –Ω–µ –¥–∞–Ω–æ |
–ò–º—è —Ä–æ–¥–∏—Ç–µ–ª—è: –Ω–µ –¥–∞–Ω–æ |
–¢–∏–ø –≤—Å—Ç—Ä–µ—á–∏: –Ω–µ –¥–∞–Ω–æ |
ID: 78519699
–ü–µ—Ä–µ–Ω–µ—Å—Ç–∏ —Å–¥–µ–ª–∫—É: No |
2025-01-07 21:56:44,564 - utils.logger - INFO - PhotoService –∏–Ω–∏—Ü–∏–∞–ª–∏–∑–∏—Ä–æ–≤–∞–Ω.
2025-01-07 21:56:44,569 - utils.logger - INFO - –ò—Ç–æ–≥–æ–≤—ã–π –≤–≤–æ–¥ –¥–ª—è LLM: —ã
2025-01-07 21:56:51,435 - utils.logger - INFO - PhotoService –∏–Ω–∏—Ü–∏–∞–ª–∏–∑–∏—Ä–æ–≤–∞–Ω.
2025-01-07 21:56:51,440 - utils.logger - INFO - –ò—Ç–æ–≥–æ–≤—ã–π –≤–≤–æ–¥ –¥–ª—è LLM: –µ–º—É 11 –ª–µ—Ç
2025-01-07 21:56:57,635 - utils.logger - INFO - –ò—Å—Ç–æ—Ä–∏—è –∫–ª–∏–µ–Ω—Ç–∞: –ò–º—è: –ë—É–ª–±–∞ –ë–µ–∫
–í–æ–∑—Ä–∞—Å—Ç: –Ω–µ –¥–∞–Ω–æ
–ö—É—Ä—Å: –Ω–µ –¥–∞–Ω–æ
–ù–æ–º–µ—Ä: –Ω–µ –¥–∞–Ω–æ
–ò–º—è —Ä–æ–¥–∏—Ç–µ–ª—è: –Ω–µ –¥–∞–Ω–æ
–¢–∏–ø –≤—Å—Ç—Ä–µ—á–∏: –Ω–µ –¥–∞–Ω–æ

2025-01-07 21:57:06,092 - utils.logger - INFO - –û—Ç–≤–µ—Ç LLM: –ü—Ä–µ–∫—Ä–∞—Å–Ω–æ! üåü –ß–µ–º —É–≤–ª–µ–∫–∞–µ—Ç—Å—è –ë—É–ª–±–∞ –ë–µ–∫? üé®üíª~
2025-01-07 21:57:11,110 - utils.logger - INFO - CRM –¥–∞–Ω–Ω—ã–µ –¥–ª—è –æ–±–Ω–æ–≤–ª–µ–Ω–∏—è: –ò–º—è —Ä–µ–±—ë–Ω–∫–∞: –ë—É–ª–±–∞ –ë–µ–∫ |
–ù–æ–º–µ—Ä —Ç–µ–ª–µ—Ñ–æ–Ω–∞: –Ω–µ –¥–∞–Ω–æ |
–ö—É—Ä—Å: –Ω–µ –¥–∞–Ω–æ |
–í–æ–∑—Ä–∞—Å—Ç —Ä–µ–±—ë–Ω–∫–∞: 11 |
–ò–º—è —Ä–æ–¥–∏—Ç–µ–ª—è: –Ω–µ –¥–∞–Ω–æ |
–¢–∏–ø –≤—Å—Ç—Ä–µ—á–∏: –Ω–µ –¥–∞–Ω–æ |
ID: 78519699
–ü–µ—Ä–µ–Ω–µ—Å—Ç–∏ —Å–¥–µ–ª–∫—É: No |
2025-02-27 15:10:04,839 - vector_updater - INFO - –ü—Ä–æ–≥—Ä–∞–º–º–∞ –∑–∞–ø—É—â–µ–Ω–∞. –û–∂–∏–¥–∞–µ—Ç –≤—ã–ø–æ–ª–Ω–µ–Ω–∏—è –∑–∞–¥–∞—á...
2025-02-27 15:10:04,840 - vector_updater - INFO - –û–∂–∏–¥–∞–Ω–∏–µ 33295.16 —Å–µ–∫—É–Ω–¥ –¥–æ —Å–ª–µ–¥—É—é—â–µ–≥–æ –∑–∞–ø—É—Å–∫–∞ –∑–∞–¥–∞—á–∏ –≤ 00:25
2025-02-27 15:10:14,357 - vector_updater - INFO - –ü—Ä–æ–≥—Ä–∞–º–º–∞ –∑–∞–≤–µ—Ä—à–µ–Ω–∞ –ø–æ–ª—å–∑–æ–≤–∞—Ç–µ–ª–µ–º.
2025-02-27 15:10:30,251 - vector_updater - INFO - –ü—Ä–æ–≥—Ä–∞–º–º–∞ –∑–∞–ø—É—â–µ–Ω–∞. –û–∂–∏–¥–∞–µ—Ç –≤—ã–ø–æ–ª–Ω–µ–Ω–∏—è –∑–∞–¥–∞—á...
2025-02-27 15:10:30,252 - vector_updater - INFO - –û–∂–∏–¥–∞–Ω–∏–µ 29.75 —Å–µ–∫—É–Ω–¥ –¥–æ —Å–ª–µ–¥—É—é—â–µ–≥–æ –∑–∞–ø—É—Å–∫–∞ –∑–∞–¥–∞—á–∏ –≤ 15:11
2025-02-27 15:11:00,030 - vector_updater - INFO - –ó–∞–ø—É—Å–∫ check_dates –≤ 15:11
2025-02-27 15:11:04,000 - vector_updater - INFO - –û–∂–∏–¥–∞–Ω–∏–µ 86396.00 —Å–µ–∫—É–Ω–¥ –¥–æ —Å–ª–µ–¥—É—é—â–µ–≥–æ –∑–∞–ø—É—Å–∫–∞ –∑–∞–¥–∞—á–∏ –≤ 15:11
2025-02-27 15:11:27,215 - vector_updater - INFO - –ü—Ä–æ–≥—Ä–∞–º–º–∞ –∑–∞–≤–µ—Ä—à–µ–Ω–∞ –ø–æ–ª—å–∑–æ–≤–∞—Ç–µ–ª–µ–º.
